<?xml version="1.0" encoding="UTF-8"?>
<!-- Generated by org.testng.reporters.JUnitReportReporter -->
<testsuite hostname="DESKTOP-GDN8ABU" failures="0" tests="2" name="test.TC_005_PurchaseCategoryTest" time="70.048" errors="0" timestamp="2024-12-19T16:39:35 IST" skipped="0">
  <testcase classname="test.TC_005_PurchaseCategoryTest" name="purchaseTest" time="34.315"/>
  <system-out/>
  <testcase classname="test.TC_005_PurchaseCategoryTest" name="purchaseTest" time="35.733"/>
  <system-out/>
</testsuite> <!-- test.TC_005_PurchaseCategoryTest -->
