<?xml version="1.0" encoding="UTF-8"?>
<!-- Generated by org.testng.reporters.JUnitReportReporter -->
<testsuite hostname="DESKTOP-GDN8ABU" failures="0" tests="2" name="test.TC_001_SignUpTest" time="32.336" errors="0" timestamp="2024-12-18T20:15:17 IST" skipped="0">
  <testcase classname="test.TC_001_SignUpTest" name="signuUpTest" time="16.250"/>
  <system-out/>
  <testcase classname="test.TC_001_SignUpTest" name="signuUpTest" time="16.086"/>
  <system-out/>
</testsuite> <!-- test.TC_001_SignUpTest -->
