<?xml version="1.0" encoding="UTF-8"?>
<!-- Generated by org.testng.reporters.JUnitReportReporter -->
<testsuite hostname="DESKTOP-GDN8ABU" failures="0" tests="2" name="test.TC_004_CartFunctionTest" time="38.620" errors="0" timestamp="2024-12-18T20:15:17 IST" skipped="0">
  <testcase classname="test.TC_004_CartFunctionTest" name="cartTest" time="20.099"/>
  <system-out/>
  <testcase classname="test.TC_004_CartFunctionTest" name="cartTest" time="18.521"/>
  <system-out/>
</testsuite> <!-- test.TC_004_CartFunctionTest -->
