<?xml version="1.0" encoding="UTF-8"?>
<!-- Generated by org.testng.reporters.JUnitReportReporter -->
<testsuite hostname="DESKTOP-GDN8ABU" failures="0" tests="2" name="test.TC_001_SignUpTest" time="29.242" errors="0" timestamp="2024-12-19T16:39:35 IST" skipped="0">
  <testcase classname="test.TC_001_SignUpTest" name="signuUpTest" time="14.980"/>
  <system-out/>
  <testcase classname="test.TC_001_SignUpTest" name="signuUpTest" time="14.262"/>
  <system-out/>
</testsuite> <!-- test.TC_001_SignUpTest -->
