<?xml version="1.0" encoding="UTF-8"?>
<!-- Generated by org.testng.reporters.JUnitReportReporter -->
<testsuite hostname="DESKTOP-GDN8ABU" failures="0" tests="2" name="test.TC_003_ProductCategoryTest" time="52.730" errors="0" timestamp="2024-12-19T16:39:35 IST" skipped="0">
  <testcase classname="test.TC_003_ProductCategoryTest" name="productTest" time="25.448"/>
  <system-out/>
  <testcase classname="test.TC_003_ProductCategoryTest" name="productTest" time="27.282"/>
  <system-out/>
</testsuite> <!-- test.TC_003_ProductCategoryTest -->
