<?xml version="1.0" encoding="UTF-8"?>
<!-- Generated by org.testng.reporters.JUnitReportReporter -->
<testsuite hostname="DESKTOP-GDN8ABU" failures="0" tests="2" name="test.TC_004_CartFunctionTest" time="35.493" errors="0" timestamp="2024-12-19T16:39:35 IST" skipped="0">
  <testcase classname="test.TC_004_CartFunctionTest" name="cartTest" time="18.366"/>
  <system-out/>
  <testcase classname="test.TC_004_CartFunctionTest" name="cartTest" time="17.127"/>
  <system-out/>
</testsuite> <!-- test.TC_004_CartFunctionTest -->
