<?xml version="1.0" encoding="UTF-8"?>
<!-- Generated by org.testng.reporters.JUnitReportReporter -->
<testsuite hostname="DESKTOP-GDN8ABU" failures="0" tests="2" name="test.TC_005_PurchaseCategoryTest" time="73.609" errors="0" timestamp="2024-12-18T20:15:17 IST" skipped="0">
  <testcase classname="test.TC_005_PurchaseCategoryTest" name="purchaseTest" time="36.964"/>
  <system-out/>
  <testcase classname="test.TC_005_PurchaseCategoryTest" name="purchaseTest" time="36.645"/>
  <system-out/>
</testsuite> <!-- test.TC_005_PurchaseCategoryTest -->
