<?xml version="1.0" encoding="UTF-8"?>
<!-- Generated by org.testng.reporters.JUnitReportReporter -->
<testsuite hostname="DESKTOP-GDN8ABU" failures="0" tests="2" name="test.TC_002_LoginTest" time="23.486" errors="0" timestamp="2024-12-19T16:39:35 IST" skipped="0">
  <testcase classname="test.TC_002_LoginTest" name="loginTest" time="12.688"/>
  <system-out/>
  <testcase classname="test.TC_002_LoginTest" name="loginTest" time="10.798"/>
  <system-out/>
</testsuite> <!-- test.TC_002_LoginTest -->
