<?xml version="1.0" encoding="UTF-8"?>
<!-- Generated by org.testng.reporters.JUnitReportReporter -->
<testsuite hostname="DESKTOP-GDN8ABU" failures="0" tests="2" name="test.TC_006_LogoutTest" time="22.909" errors="0" timestamp="2024-12-19T16:39:35 IST" skipped="0">
  <testcase classname="test.TC_006_LogoutTest" name="logoutTest" time="10.551"/>
  <system-out/>
  <testcase classname="test.TC_006_LogoutTest" name="logoutTest" time="12.358"/>
  <system-out/>
</testsuite> <!-- test.TC_006_LogoutTest -->
