<?xml version="1.0" encoding="UTF-8"?>
<!-- Generated by org.testng.reporters.JUnitReportReporter -->
<testsuite hostname="DESKTOP-GDN8ABU" failures="0" tests="2" name="test.TC_003_ProductCategoryTest" time="57.495" errors="0" timestamp="2024-12-18T20:15:17 IST" skipped="0">
  <testcase classname="test.TC_003_ProductCategoryTest" name="productTest" time="29.346"/>
  <system-out/>
  <testcase classname="test.TC_003_ProductCategoryTest" name="productTest" time="28.149"/>
  <system-out/>
</testsuite> <!-- test.TC_003_ProductCategoryTest -->
