<?xml version="1.0" encoding="UTF-8"?>
<!-- Generated by org.testng.reporters.JUnitReportReporter -->
<testsuite hostname="DESKTOP-GDN8ABU" failures="0" tests="2" name="test.TC_002_LoginTest" time="26.447" errors="0" timestamp="2024-12-18T20:15:17 IST" skipped="0">
  <testcase classname="test.TC_002_LoginTest" name="loginTest" time="13.054"/>
  <system-out/>
  <testcase classname="test.TC_002_LoginTest" name="loginTest" time="13.393"/>
  <system-out/>
</testsuite> <!-- test.TC_002_LoginTest -->
